<?xml version="1.0" encoding="UTF-8"?>
<testsuite name="com.mpt.goodsservice.GoodsServiceApplicationTests" tests="1" skipped="0" failures="0" errors="0" timestamp="2023-08-29T00:51:12" hostname="LAPTOP-CISI8I61" time="0.624">
  <properties/>
  <testcase name="contextLoads()" classname="com.mpt.goodsservice.GoodsServiceApplicationTests" time="0.624"/>
  <system-out><![CDATA[09:51:10.055 [Test worker] INFO org.springframework.test.context.support.AnnotationConfigContextLoaderUtils -- Could not detect default configuration classes for test class [com.mpt.goodsservice.GoodsServiceApplicationTests]: GoodsServiceApplicationTests does not declare any static, non-private, non-final, nested classes annotated with @Configuration.
09:51:10.151 [Test worker] INFO org.springframework.boot.test.context.SpringBootTestContextBootstrapper -- Found @SpringBootConfiguration com.mpt.goodsservice.MusinsaApplication for test class com.mpt.goodsservice.GoodsServiceApplicationTests

  .   ____          _            __ _ _
 /\\ / ___'_ __ _ _(_)_ __  __ _ \ \ \ \
( ( )\___ | '_ | '_| | '_ \/ _` | \ \ \ \
 \\/  ___)| |_)| | | | | || (_| |  ) ) ) )
  '  |____| .__|_| |_|_| |_\__, | / / / /
 =========|_|==============|___/=/_/_/_/
 :: Spring Boot ::                (v3.1.2)

2023-08-29T09:51:10.533+09:00  INFO 18294 --- [    Test worker] c.m.g.GoodsServiceApplicationTests       : Starting GoodsServiceApplicationTests using Java 17.0.8 with PID 18294 (started by root in /home/reddwarf/workspace/auth-proj/goods-server)
2023-08-29T09:51:10.534+09:00  INFO 18294 --- [    Test worker] c.m.g.GoodsServiceApplicationTests       : No active profile set, falling back to 1 default profile: "default"
2023-08-29T09:51:12.331+09:00  WARN 18294 --- [    Test worker] ion$DefaultTemplateResolverConfiguration : Cannot find template location: classpath:/templates/ (please add some templates, check your Thymeleaf configuration, or set spring.thymeleaf.check-template-location=false)
2023-08-29T09:51:12.520+09:00  INFO 18294 --- [    Test worker] c.m.g.GoodsServiceApplicationTests       : Started GoodsServiceApplicationTests in 2.184 seconds (process running for 3.592)
]]></system-out>
  <system-err><![CDATA[]]></system-err>
</testsuite>
