<?xml version="1.0" encoding="UTF-8"?>
<testsuite name="com.mpt.goodsservice.GoodsServiceApplicationTests" tests="1" skipped="0" failures="0" errors="0" timestamp="2023-07-28T05:08:01" hostname="psg.local" time="0.442">
  <properties/>
  <testcase name="contextLoads()" classname="com.mpt.goodsservice.GoodsServiceApplicationTests" time="0.442"/>
  <system-out><![CDATA[14:07:59.999 [Test worker] INFO org.springframework.test.context.support.AnnotationConfigContextLoaderUtils -- Could not detect default configuration classes for test class [com.mpt.goodsservice.GoodsServiceApplicationTests]: GoodsServiceApplicationTests does not declare any static, non-private, non-final, nested classes annotated with @Configuration.
14:08:00.052 [Test worker] INFO org.springframework.boot.test.context.SpringBootTestContextBootstrapper -- Found @SpringBootConfiguration com.mpt.goodsservice.MusinsaApplication for test class com.mpt.goodsservice.GoodsServiceApplicationTests

  .   ____          _            __ _ _
 /\\ / ___'_ __ _ _(_)_ __  __ _ \ \ \ \
( ( )\___ | '_ | '_| | '_ \/ _` | \ \ \ \
 \\/  ___)| |_)| | | | | || (_| |  ) ) ) )
  '  |____| .__|_| |_|_| |_\__, | / / / /
 =========|_|==============|___/=/_/_/_/
 :: Spring Boot ::                (v3.1.1)

2023-07-28T14:08:00.266+09:00  INFO 54964 --- [    Test worker] c.m.g.GoodsServiceApplicationTests       : Starting GoodsServiceApplicationTests using Java 17.0.6 with PID 54964 (started by psg in /Users/psg/Desktop/musinsa-tracker/git-goods/goods-service)
2023-07-28T14:08:00.266+09:00  INFO 54964 --- [    Test worker] c.m.g.GoodsServiceApplicationTests       : No active profile set, falling back to 1 default profile: "default"
2023-07-28T14:08:01.274+09:00  WARN 54964 --- [    Test worker] ion$DefaultTemplateResolverConfiguration : Cannot find template location: classpath:/templates/ (please add some templates, check your Thymeleaf configuration, or set spring.thymeleaf.check-template-location=false)
2023-07-28T14:08:01.385+09:00  INFO 54964 --- [    Test worker] c.m.g.GoodsServiceApplicationTests       : Started GoodsServiceApplicationTests in 1.255 seconds (process running for 1.813)
]]></system-out>
  <system-err><![CDATA[]]></system-err>
</testsuite>
